<?xml version="1.0" encoding="utf-8"?><testsuites name="pytest tests"><testsuite name="pytest" errors="0" failures="0" skipped="0" tests="14" time="1.915" timestamp="2026-08-07T23:19:56.771235+00:00" hostname="agent-env-d753f6df-2080-4c44-aca3-d8c7ba965d85"><testcase classname="tests.test_auth_flow.TestWorkoutsAuth" name="test_create_workout_requires_auth" time="0.090" /><testcase classname="tests.test_auth_flow.TestMe" name="test_me_no_cookie" time="0.097" /><testcase classname="tests.test_auth_flow.TestWorkoutsAuth" name="test_create_workout_success" time="0.141" /><testcase classname="tests.test_auth_flow.TestMe" name="test_me_with_cookie" time="0.124" /><testcase classname="tests.test_auth_flow.TestMe" name="test_me_with_bearer_token" time="0.077" /><testcase classname="tests.test_auth_flow.TestWorkoutsAuth" name="test_patch_only_owner" time="0.324" /><testcase classname="tests.test_auth_flow.TestGate" name="test_gate_correct" time="0.083" /><testcase classname="tests.test_auth_flow.TestGate" name="test_gate_wrong" time="0.112" /><testcase classname="tests.test_auth_flow.TestPublic" name="test_leaderboard_public" time="0.107" /><testcase classname="tests.test_auth_flow.TestWorkoutsAuth" name="test_delete_only_owner" time="0.406" /><testcase classname="tests.test_auth_flow.TestPublic" name="test_list_workouts_public" time="0.080" /><testcase classname="tests.test_auth_flow.TestLogout" name="test_logout_deletes_session" time="0.258" /><testcase classname="tests.test_auth_flow.TestSession" name="test_session_missing_header" time="0.069" /><testcase classname="tests.test_auth_flow.TestSession" name="test_session_bogus_id" time="0.280" /></testsuite></testsuites>