<?xml version="1.0" encoding="utf-8"?><testsuites name="pytest tests"><testsuite name="pytest" errors="0" failures="0" skipped="0" tests="6" time="1.372" timestamp="2026-08-07T23:03:08.163296+00:00" hostname="agent-env-d753f6df-2080-4c44-aca3-d8c7ba965d85"><testcase classname="tests.test_edit_delete.TestDeleteWorkout" name="test_delete_owner_ok_and_second_404" time="0.511" /><testcase classname="tests.test_edit_delete.TestPatchWorkout" name="test_patch_owner_recalc_points" time="0.465" /><testcase classname="tests.test_edit_delete.TestDeleteWorkout" name="test_delete_non_owner_403" time="0.224" /><testcase classname="tests.test_edit_delete.TestPatchWorkout" name="test_patch_non_owner_403" time="0.325" /><testcase classname="tests.test_edit_delete.TestPatchWorkout" name="test_patch_invalid_id_404" time="0.073" /><testcase classname="tests.test_edit_delete.TestPatchWorkout" name="test_patch_bad_duration_400" time="0.148" /></testsuite></testsuites>