<?xml version="1.0" encoding="utf-8"?><testsuites name="pytest tests"><testsuite name="pytest" errors="0" failures="0" skipped="0" tests="7" time="1.867" timestamp="2026-08-07T23:36:52.822493+00:00" hostname="agent-env-d753f6df-2080-4c44-aca3-d8c7ba965d85"><testcase classname="tests.test_profile_history" name="test_history_public_no_cookie" time="0.588" /><testcase classname="tests.test_profile_history" name="test_seeded_stats_and_personal_best" time="0.088" /><testcase classname="tests.test_profile_history" name="test_history_totals_match_sum_of_workouts" time="0.071" /><testcase classname="tests.test_profile_history" name="test_history_nonexistent_user_returns_404" time="0.104" /><testcase classname="tests.test_profile_history" name="test_history_orphan_workout_fallback" time="0.074" /><testcase classname="tests.test_profile_history" name="test_second_user_history" time="0.192" /><testcase classname="tests.test_profile_history" name="test_response_has_no_mongo_id" time="0.401" /></testsuite></testsuites>